C:\USERS\JIHANG\DESKTOP\MY\SIMUFRAME\NAVIPROJECT\EVENTMANAGER\DEBUG\EVENTMANAGER.EXE
C:\USERS\JIHANG\DESKTOP\MY\SIMUFRAME\NAVIPROJECT\EVENTMANAGER\DEBUG\EVENTMANAGER.ILK
C:\USERS\JIHANG\DESKTOP\MY\SIMUFRAME\NAVIPROJECT\EVENTMANAGER\DEBUG\EVENTMANAGER.PDB
C:\Users\jihang\Desktop\MY\SimuFrame\naviProject\eventManager\eventManager\Debug\cl.command.1.tlog
C:\Users\jihang\Desktop\MY\SimuFrame\naviProject\eventManager\eventManager\Debug\CL.read.1.tlog
C:\Users\jihang\Desktop\MY\SimuFrame\naviProject\eventManager\eventManager\Debug\CL.write.1.tlog
C:\USERS\JIHANG\DESKTOP\MY\SIMUFRAME\NAVIPROJECT\EVENTMANAGER\EVENTMANAGER\DEBUG\EVENTMANAGER.EXE.EMBED.MANIFEST
C:\USERS\JIHANG\DESKTOP\MY\SIMUFRAME\NAVIPROJECT\EVENTMANAGER\EVENTMANAGER\DEBUG\EVENTMANAGER.EXE.EMBED.MANIFEST.RES
C:\USERS\JIHANG\DESKTOP\MY\SIMUFRAME\NAVIPROJECT\EVENTMANAGER\EVENTMANAGER\DEBUG\EVENTMANAGER.EXE.INTERMEDIATE.MANIFEST
C:\Users\jihang\Desktop\MY\SimuFrame\naviProject\eventManager\eventManager\Debug\eventManager.write.1.tlog
C:\Users\jihang\Desktop\MY\SimuFrame\naviProject\eventManager\eventManager\Debug\eventManager_manifest.rc
C:\Users\jihang\Desktop\MY\SimuFrame\naviProject\eventManager\eventManager\Debug\link.command.1.tlog
C:\Users\jihang\Desktop\MY\SimuFrame\naviProject\eventManager\eventManager\Debug\link.read.1.tlog
C:\Users\jihang\Desktop\MY\SimuFrame\naviProject\eventManager\eventManager\Debug\link.write.1.tlog
C:\Users\jihang\Desktop\MY\SimuFrame\naviProject\eventManager\eventManager\Debug\link-cvtres.read.1.tlog
C:\Users\jihang\Desktop\MY\SimuFrame\naviProject\eventManager\eventManager\Debug\link-cvtres.write.1.tlog
C:\USERS\JIHANG\DESKTOP\MY\SIMUFRAME\NAVIPROJECT\EVENTMANAGER\EVENTMANAGER\DEBUG\MANAGERI.OBJ
C:\USERS\JIHANG\DESKTOP\MY\SIMUFRAME\NAVIPROJECT\EVENTMANAGER\EVENTMANAGER\DEBUG\MANAGERMAIN.OBJ
C:\Users\jihang\Desktop\MY\SimuFrame\naviProject\eventManager\eventManager\Debug\mt.command.1.tlog
C:\Users\jihang\Desktop\MY\SimuFrame\naviProject\eventManager\eventManager\Debug\mt.read.1.tlog
C:\Users\jihang\Desktop\MY\SimuFrame\naviProject\eventManager\eventManager\Debug\mt.write.1.tlog
C:\Users\jihang\Desktop\MY\SimuFrame\naviProject\eventManager\eventManager\Debug\rc.command.1.tlog
C:\Users\jihang\Desktop\MY\SimuFrame\naviProject\eventManager\eventManager\Debug\rc.read.1.tlog
C:\Users\jihang\Desktop\MY\SimuFrame\naviProject\eventManager\eventManager\Debug\rc.write.1.tlog
C:\USERS\JIHANG\DESKTOP\MY\SIMUFRAME\NAVIPROJECT\EVENTMANAGER\EVENTMANAGER\DEBUG\SLICEDEF.OBJ
C:\Users\jihang\Desktop\MY\SimuFrame\naviProject\eventManager\eventManager\Debug\vc100.idb
C:\USERS\JIHANG\DESKTOP\MY\SIMUFRAME\NAVIPROJECT\EVENTMANAGER\EVENTMANAGER\DEBUG\VC100.PDB
