C:\USERS\JIHANG\DESKTOP\MY\SIMUFRAME\NAVIPROJECT\TIMEMANAGER\DEBUG\TIMEMANAGER.EXE
C:\USERS\JIHANG\DESKTOP\MY\SIMUFRAME\NAVIPROJECT\TIMEMANAGER\DEBUG\TIMEMANAGER.ILK
C:\USERS\JIHANG\DESKTOP\MY\SIMUFRAME\NAVIPROJECT\TIMEMANAGER\DEBUG\TIMEMANAGER.PDB
C:\Users\jihang\Desktop\MY\SimuFrame\naviProject\timeManager\timeManager\Debug\cl.command.1.tlog
C:\Users\jihang\Desktop\MY\SimuFrame\naviProject\timeManager\timeManager\Debug\CL.read.1.tlog
C:\Users\jihang\Desktop\MY\SimuFrame\naviProject\timeManager\timeManager\Debug\CL.write.1.tlog
C:\Users\jihang\Desktop\MY\SimuFrame\naviProject\timeManager\timeManager\Debug\link.9616.read.1.tlog
C:\Users\jihang\Desktop\MY\SimuFrame\naviProject\timeManager\timeManager\Debug\link.9616.write.1.tlog
C:\Users\jihang\Desktop\MY\SimuFrame\naviProject\timeManager\timeManager\Debug\link.9616-cvtres.read.1.tlog
C:\Users\jihang\Desktop\MY\SimuFrame\naviProject\timeManager\timeManager\Debug\link.9616-cvtres.write.1.tlog
C:\Users\jihang\Desktop\MY\SimuFrame\naviProject\timeManager\timeManager\Debug\link.command.1.tlog
C:\Users\jihang\Desktop\MY\SimuFrame\naviProject\timeManager\timeManager\Debug\link.read.1.tlog
C:\Users\jihang\Desktop\MY\SimuFrame\naviProject\timeManager\timeManager\Debug\link.write.1.tlog
C:\Users\jihang\Desktop\MY\SimuFrame\naviProject\timeManager\timeManager\Debug\link-cvtres.read.1.tlog
C:\Users\jihang\Desktop\MY\SimuFrame\naviProject\timeManager\timeManager\Debug\link-cvtres.write.1.tlog
C:\USERS\JIHANG\DESKTOP\MY\SIMUFRAME\NAVIPROJECT\TIMEMANAGER\TIMEMANAGER\DEBUG\MANAGERI.OBJ
C:\USERS\JIHANG\DESKTOP\MY\SIMUFRAME\NAVIPROJECT\TIMEMANAGER\TIMEMANAGER\DEBUG\MANAGERMAIN.OBJ
C:\Users\jihang\Desktop\MY\SimuFrame\naviProject\timeManager\timeManager\Debug\mt.command.1.tlog
C:\Users\jihang\Desktop\MY\SimuFrame\naviProject\timeManager\timeManager\Debug\mt.read.1.tlog
C:\Users\jihang\Desktop\MY\SimuFrame\naviProject\timeManager\timeManager\Debug\mt.write.1.tlog
C:\Users\jihang\Desktop\MY\SimuFrame\naviProject\timeManager\timeManager\Debug\rc.command.1.tlog
C:\Users\jihang\Desktop\MY\SimuFrame\naviProject\timeManager\timeManager\Debug\rc.read.1.tlog
C:\Users\jihang\Desktop\MY\SimuFrame\naviProject\timeManager\timeManager\Debug\rc.write.1.tlog
C:\USERS\JIHANG\DESKTOP\MY\SIMUFRAME\NAVIPROJECT\TIMEMANAGER\TIMEMANAGER\DEBUG\SLICEDEF.OBJ
C:\USERS\JIHANG\DESKTOP\MY\SIMUFRAME\NAVIPROJECT\TIMEMANAGER\TIMEMANAGER\DEBUG\TIMEMANAGER.EXE.EMBED.MANIFEST
C:\USERS\JIHANG\DESKTOP\MY\SIMUFRAME\NAVIPROJECT\TIMEMANAGER\TIMEMANAGER\DEBUG\TIMEMANAGER.EXE.EMBED.MANIFEST.RES
C:\USERS\JIHANG\DESKTOP\MY\SIMUFRAME\NAVIPROJECT\TIMEMANAGER\TIMEMANAGER\DEBUG\TIMEMANAGER.EXE.INTERMEDIATE.MANIFEST
C:\Users\jihang\Desktop\MY\SimuFrame\naviProject\timeManager\timeManager\Debug\timeManager.write.1.tlog
C:\Users\jihang\Desktop\MY\SimuFrame\naviProject\timeManager\timeManager\Debug\timeManager_manifest.rc
C:\Users\jihang\Desktop\MY\SimuFrame\naviProject\timeManager\timeManager\Debug\vc100.idb
C:\USERS\JIHANG\DESKTOP\MY\SIMUFRAME\NAVIPROJECT\TIMEMANAGER\TIMEMANAGER\DEBUG\VC100.PDB
