C:\USERS\JIHANG\DESKTOP\MY\SIMUFRAME\AUTOGENERATE\SETFRAME\DEBUG\SETFRAME.EXE
C:\USERS\JIHANG\DESKTOP\MY\SIMUFRAME\AUTOGENERATE\SETFRAME\DEBUG\SETFRAME.ILK
C:\USERS\JIHANG\DESKTOP\MY\SIMUFRAME\AUTOGENERATE\SETFRAME\DEBUG\SETFRAME.PDB
C:\Users\jihang\Desktop\MY\SimuFrame\autoGenerate\setFrame\setFrame\Debug\cl.command.1.tlog
C:\Users\jihang\Desktop\MY\SimuFrame\autoGenerate\setFrame\setFrame\Debug\CL.read.1.tlog
C:\Users\jihang\Desktop\MY\SimuFrame\autoGenerate\setFrame\setFrame\Debug\CL.write.1.tlog
C:\Users\jihang\Desktop\MY\SimuFrame\autoGenerate\setFrame\setFrame\Debug\link.1084.read.1.tlog
C:\Users\jihang\Desktop\MY\SimuFrame\autoGenerate\setFrame\setFrame\Debug\link.1084.write.1.tlog
C:\Users\jihang\Desktop\MY\SimuFrame\autoGenerate\setFrame\setFrame\Debug\link.1084-cvtres.read.1.tlog
C:\Users\jihang\Desktop\MY\SimuFrame\autoGenerate\setFrame\setFrame\Debug\link.1084-cvtres.write.1.tlog
C:\Users\jihang\Desktop\MY\SimuFrame\autoGenerate\setFrame\setFrame\Debug\link.command.1.tlog
C:\Users\jihang\Desktop\MY\SimuFrame\autoGenerate\setFrame\setFrame\Debug\link.read.1.tlog
C:\Users\jihang\Desktop\MY\SimuFrame\autoGenerate\setFrame\setFrame\Debug\link.write.1.tlog
C:\Users\jihang\Desktop\MY\SimuFrame\autoGenerate\setFrame\setFrame\Debug\link-cvtres.read.1.tlog
C:\Users\jihang\Desktop\MY\SimuFrame\autoGenerate\setFrame\setFrame\Debug\link-cvtres.write.1.tlog
C:\USERS\JIHANG\DESKTOP\MY\SIMUFRAME\AUTOGENERATE\SETFRAME\SETFRAME\DEBUG\MAIN.OBJ
C:\Users\jihang\Desktop\MY\SimuFrame\autoGenerate\setFrame\setFrame\Debug\mt.command.1.tlog
C:\Users\jihang\Desktop\MY\SimuFrame\autoGenerate\setFrame\setFrame\Debug\mt.read.1.tlog
C:\Users\jihang\Desktop\MY\SimuFrame\autoGenerate\setFrame\setFrame\Debug\mt.write.1.tlog
C:\Users\jihang\Desktop\MY\SimuFrame\autoGenerate\setFrame\setFrame\Debug\rc.command.1.tlog
C:\Users\jihang\Desktop\MY\SimuFrame\autoGenerate\setFrame\setFrame\Debug\rc.read.1.tlog
C:\Users\jihang\Desktop\MY\SimuFrame\autoGenerate\setFrame\setFrame\Debug\rc.write.1.tlog
C:\USERS\JIHANG\DESKTOP\MY\SIMUFRAME\AUTOGENERATE\SETFRAME\SETFRAME\DEBUG\SETFRAME.EXE.EMBED.MANIFEST
C:\USERS\JIHANG\DESKTOP\MY\SIMUFRAME\AUTOGENERATE\SETFRAME\SETFRAME\DEBUG\SETFRAME.EXE.EMBED.MANIFEST.RES
C:\USERS\JIHANG\DESKTOP\MY\SIMUFRAME\AUTOGENERATE\SETFRAME\SETFRAME\DEBUG\SETFRAME.EXE.INTERMEDIATE.MANIFEST
C:\Users\jihang\Desktop\MY\SimuFrame\autoGenerate\setFrame\setFrame\Debug\setFrame.write.1.tlog
C:\Users\jihang\Desktop\MY\SimuFrame\autoGenerate\setFrame\setFrame\Debug\setFrame_manifest.rc
C:\USERS\JIHANG\DESKTOP\MY\SIMUFRAME\AUTOGENERATE\SETFRAME\SETFRAME\DEBUG\TINYXML2.OBJ
C:\Users\jihang\Desktop\MY\SimuFrame\autoGenerate\setFrame\setFrame\Debug\vc100.idb
C:\USERS\JIHANG\DESKTOP\MY\SIMUFRAME\AUTOGENERATE\SETFRAME\SETFRAME\DEBUG\VC100.PDB
