C:\Users\jihang\Desktop\MY\SimuFrame\modelDesign\modelDesign\Debug\cl.command.1.tlog
C:\Users\jihang\Desktop\MY\SimuFrame\modelDesign\modelDesign\Debug\CL.read.1.tlog
C:\Users\jihang\Desktop\MY\SimuFrame\modelDesign\modelDesign\Debug\CL.write.1.tlog
C:\Users\jihang\Desktop\MY\SimuFrame\modelDesign\modelDesign\Debug\custombuild.command.1.tlog
C:\Users\jihang\Desktop\MY\SimuFrame\modelDesign\modelDesign\Debug\custombuild.read.1.tlog
C:\Users\jihang\Desktop\MY\SimuFrame\modelDesign\modelDesign\Debug\custombuild.write.1.tlog
C:\Users\jihang\Desktop\MY\SimuFrame\modelDesign\modelDesign\Debug\link.command.1.tlog
C:\Users\jihang\Desktop\MY\SimuFrame\modelDesign\modelDesign\Debug\link.read.1.tlog
C:\Users\jihang\Desktop\MY\SimuFrame\modelDesign\modelDesign\Debug\link.write.1.tlog
C:\USERS\JIHANG\DESKTOP\MY\SIMUFRAME\MODELDESIGN\MODELDESIGN\DEBUG\MAIN.OBJ
C:\USERS\JIHANG\DESKTOP\MY\SIMUFRAME\MODELDESIGN\MODELDESIGN\DEBUG\MAINWINDOW.OBJ
C:\USERS\JIHANG\DESKTOP\MY\SIMUFRAME\MODELDESIGN\MODELDESIGN\DEBUG\MESSAGEINPUT.OBJ
C:\USERS\JIHANG\DESKTOP\MY\SIMUFRAME\MODELDESIGN\MODELDESIGN\DEBUG\MOC_MAINWINDOW.OBJ
C:\USERS\JIHANG\DESKTOP\MY\SIMUFRAME\MODELDESIGN\MODELDESIGN\DEBUG\MOC_MESSAGEINPUT.OBJ
C:\USERS\JIHANG\DESKTOP\MY\SIMUFRAME\MODELDESIGN\MODELDESIGN\DEBUG\MOC_TEXTINPUT.OBJ
C:\USERS\JIHANG\DESKTOP\MY\SIMUFRAME\MODELDESIGN\MODELDESIGN\DEBUG\MODELDESIGN.EXE.INTERMEDIATE.MANIFEST
C:\Users\jihang\Desktop\MY\SimuFrame\modelDesign\modelDesign\Debug\modelDesign.vcxprojResolveAssemblyReference.cache
C:\Users\jihang\Desktop\MY\SimuFrame\modelDesign\modelDesign\Debug\modelDesign.write.1.tlog
C:\Users\jihang\Desktop\MY\SimuFrame\modelDesign\modelDesign\Debug\mt.command.1.tlog
C:\Users\jihang\Desktop\MY\SimuFrame\modelDesign\modelDesign\Debug\mt.read.1.tlog
C:\Users\jihang\Desktop\MY\SimuFrame\modelDesign\modelDesign\Debug\mt.write.1.tlog
C:\USERS\JIHANG\DESKTOP\MY\SIMUFRAME\MODELDESIGN\MODELDESIGN\DEBUG\QRC_MAINWINDOW.OBJ
C:\USERS\JIHANG\DESKTOP\MY\SIMUFRAME\MODELDESIGN\MODELDESIGN\DEBUG\TEXTINPUT.OBJ
C:\USERS\JIHANG\DESKTOP\MY\SIMUFRAME\MODELDESIGN\MODELDESIGN\DEBUG\VC100.PDB
C:\USERS\JIHANG\DESKTOP\MY\SIMUFRAME\MODELDESIGN\MODELDESIGN\GENERATEDFILES\DEBUG\MOC_MAINWINDOW.CPP
C:\USERS\JIHANG\DESKTOP\MY\SIMUFRAME\MODELDESIGN\MODELDESIGN\GENERATEDFILES\DEBUG\MOC_MESSAGEINPUT.CPP
C:\USERS\JIHANG\DESKTOP\MY\SIMUFRAME\MODELDESIGN\MODELDESIGN\GENERATEDFILES\DEBUG\MOC_TEXTINPUT.CPP
C:\USERS\JIHANG\DESKTOP\MY\SIMUFRAME\MODELDESIGN\MODELDESIGN\GENERATEDFILES\QRC_MAINWINDOW.CPP
C:\USERS\JIHANG\DESKTOP\MY\SIMUFRAME\MODELDESIGN\MODELDESIGN\GENERATEDFILES\UI_MAINWINDOW.H
C:\USERS\JIHANG\DESKTOP\MY\SIMUFRAME\MODELDESIGN\MODELDESIGN\GENERATEDFILES\UI_MESSAGEINPUT.H
C:\USERS\JIHANG\DESKTOP\MY\SIMUFRAME\MODELDESIGN\MODELDESIGN\GENERATEDFILES\UI_TEXTINPUT.H
C:\USERS\JIHANG\DESKTOP\MY\SIMUFRAME\MODELDESIGN\WIN32\DEBUG\MODELDESIGN.EXE
C:\USERS\JIHANG\DESKTOP\MY\SIMUFRAME\MODELDESIGN\WIN32\DEBUG\MODELDESIGN.ILK
C:\USERS\JIHANG\DESKTOP\MY\SIMUFRAME\MODELDESIGN\WIN32\DEBUG\MODELDESIGN.PDB
