生成启动时间为 2017/11/7 14:40:04。
     1>项目“C:\Users\jihang\Desktop\MY\SimuFrame\modelDesign\modelDesign\modelDesign.vcxproj”在节点 2 上(rebuild 个目标)。
     1>_PrepareForClean:
         正在删除文件“Debug\modelDesign.lastbuildstate”。
       InitializeBuildStatus:
         正在创建“Debug\modelDesign.unsuccessfulbuild”，因为已指定“AlwaysCreate”。
       CustomBuild:
         Moc'ing mainWindow.h...
         Uic'ing mainWindow.ui...
         Moc'ing eventListDisplay.h...
         Moc'ing eventFunctionInput.h...
         Moc'ing warning.h...
         Moc'ing modelTypeInput.h...
         Moc'ing dataStructureInput.h...
         Moc'ing eventTypeInput.h...
         Rcc'ing mainWindow.qrc...
     1>RCC : warning : No resources in 'C:\Users\jihang\Desktop\MY\SimuFrame\modelDesign\modelDesign\mainWindow.qrc'.
         
         Uic'ing dataStructureInput.ui...
         Uic'ing eventTypeInput.ui...
         Uic'ing modelTypeInput.ui...
         Uic'ing warning.ui...
         Uic'ing eventListDisplay.ui...
         Uic'ing eventFunctionInput.ui...
       ClCompile:
         C:\Program Files\Microsoft Visual Studio 10.0\VC\bin\CL.exe /c /I.\GeneratedFiles /I. /IC:\Qt\Qt5.5.1\5.5\msvc2010\include /I.\GeneratedFiles\Debug /IC:\Qt\Qt5.5.1\5.5\msvc2010\include\QtCore /IC:\Qt\Qt5.5.1\5.5\msvc2010\include\QtGui /IC:\Qt\Qt5.5.1\5.5\msvc2010\include\QtWidgets /Zi /nologo /W1 /WX- /Od /Oy- /D UNICODE /D WIN32 /D WIN64 /D QT_DLL /D QT_CORE_LIB /D QT_GUI_LIB /D QT_WIDGETS_LIB /Gm- /EHsc /MDd /GS /fp:precise /Zc:wchar_t /Zc:forScope /Fo"Debug\\" /Fd"Debug\vc100.pdb" /Gd /TP /analyze- /errorReport:prompt dataStructureInput.cpp eventFunctionInput.cpp eventListDisplay.cpp eventTypeInput.cpp GeneratedFiles\Debug\moc_dataStructureInput.cpp GeneratedFiles\Debug\moc_eventFunctionInput.cpp GeneratedFiles\Debug\moc_eventListDisplay.cpp GeneratedFiles\Debug\moc_eventTypeInput.cpp GeneratedFiles\Debug\moc_mainWindow.cpp GeneratedFiles\Debug\moc_modelTypeInput.cpp GeneratedFiles\Debug\moc_warning.cpp main.cpp mainWindow.cpp modelTypeInput.cpp warning.cpp
         dataStructureInput.cpp
         eventFunctionInput.cpp
         eventListDisplay.cpp
         eventTypeInput.cpp
         moc_dataStructureInput.cpp
         moc_eventFunctionInput.cpp
         moc_eventListDisplay.cpp
         moc_eventTypeInput.cpp
         moc_mainWindow.cpp
         moc_modelTypeInput.cpp
         moc_warning.cpp
         main.cpp
         mainWindow.cpp
         modelTypeInput.cpp
         warning.cpp
         正在生成代码...
         C:\Program Files\Microsoft Visual Studio 10.0\VC\bin\CL.exe /c /I.\GeneratedFiles /I. /IC:\Qt\Qt5.5.1\5.5\msvc2010\include /I.\GeneratedFiles\Debug /IC:\Qt\Qt5.5.1\5.5\msvc2010\include\QtCore /IC:\Qt\Qt5.5.1\5.5\msvc2010\include\QtGui /IC:\Qt\Qt5.5.1\5.5\msvc2010\include\QtWidgets /Zi /nologo /W1 /WX- /Od /Oy- /D UNICODE /D WIN32 /D WIN64 /D QT_DLL /D QT_CORE_LIB /D QT_GUI_LIB /D QT_WIDGETS_LIB /Gm- /EHsc /MDd /GS /fp:precise /Zc:wchar_t /Zc:forScope /Fo"Debug\\" /Fd"Debug\vc100.pdb" /Gd /TP /analyze- /errorReport:prompt GeneratedFiles\qrc_mainWindow.cpp
         qrc_mainWindow.cpp
       Link:
         C:\Program Files\Microsoft Visual Studio 10.0\VC\bin\link.exe /ERRORREPORT:PROMPT /OUT:"C:\Users\jihang\Desktop\MY\SimuFrame\modelDesign\Win32\Debug\\modelDesign.exe" /NOLOGO /LIBPATH:C:\Qt\Qt5.5.1\5.5\msvc2010\lib qtmaind.lib Qt5Cored.lib Qt5Guid.lib Qt5Widgetsd.lib kernel32.lib user32.lib gdi32.lib winspool.lib comdlg32.lib advapi32.lib shell32.lib ole32.lib oleaut32.lib uuid.lib odbc32.lib odbccp32.lib /MANIFEST /ManifestFile:"Debug\modelDesign.exe.intermediate.manifest" /MANIFESTUAC:"level='asInvoker' uiAccess='false'" /DEBUG /PDB:"C:\Users\jihang\Desktop\MY\SimuFrame\modelDesign\Win32\Debug\modelDesign.pdb" /SUBSYSTEM:WINDOWS /TLBID:1 /DYNAMICBASE /NXCOMPAT /IMPLIB:"C:\Users\jihang\Desktop\MY\SimuFrame\modelDesign\Win32\Debug\modelDesign.lib" /MACHINE:X86 Debug\dataStructureInput.obj
         Debug\eventFunctionInput.obj
         Debug\eventListDisplay.obj
         Debug\eventTypeInput.obj
         Debug\moc_dataStructureInput.obj
         Debug\moc_eventFunctionInput.obj
         Debug\moc_eventListDisplay.obj
         Debug\moc_eventTypeInput.obj
         Debug\moc_mainWindow.obj
         Debug\moc_modelTypeInput.obj
         Debug\moc_warning.obj
         Debug\qrc_mainWindow.obj
         Debug\main.obj
         Debug\mainWindow.obj
         Debug\modelTypeInput.obj
         Debug\warning.obj
         modelDesign.vcxproj -> C:\Users\jihang\Desktop\MY\SimuFrame\modelDesign\Win32\Debug\modelDesign.exe
       Manifest:
         C:\Program Files\Microsoft SDKs\Windows\v7.0A\bin\mt.exe /nologo /verbose /outputresource:"C:\Users\jihang\Desktop\MY\SimuFrame\modelDesign\Win32\Debug\\modelDesign.exe;#1" /manifest Debug\modelDesign.exe.intermediate.manifest
       FinalizeBuildStatus:
         正在删除文件“Debug\modelDesign.unsuccessfulbuild”。
         正在对“Debug\modelDesign.lastbuildstate”执行 Touch 任务。
     1>已完成生成项目“C:\Users\jihang\Desktop\MY\SimuFrame\modelDesign\modelDesign\modelDesign.vcxproj”(rebuild 个目标)的操作。

生成成功。

已用时间 00:00:21.00
